<?xml version="1.0" encoding="UTF-8"?>
<!-- Generated by org.testng.reporters.JUnitXMLReporter -->
<testsuite hostname="AithGGN1347" ignored="7" name="Command line test" tests="11" failures="1" timestamp="2022-05-25T15:25:44 IST" time="68.317" errors="0">
  <testcase name="@AfterMethod tearDownMethod" time="1.177" classname="com.AliS.Pages.BaseClassAliS">
    <failure type="java.lang.NullPointerException">
      <![CDATA[java.lang.NullPointerException
at com.AliS.Pages.BaseClassAliS.tearDownMethod(BaseClassAliS.java:59)
at java.util.ArrayList.forEach(ArrayList.java:1259)
... Removed 42 stack frames]]>
    </failure>
  </testcase> <!-- @AfterMethod tearDownMethod -->
  <testcase name="@AfterClass TearDown" time="-1.653472544858E9" classname="com.AliS.Pages.BaseClassAliS">
    <skipped/>
  </testcase> <!-- @AfterClass TearDown -->
  <testcase name="@BeforeClass setup" time="0.0" classname="com.AliS.Pages.BaseClassAliS">
    <failure type="java.lang.NullPointerException">
      <![CDATA[java.lang.NullPointerException
at com.AliS.Pages.BaseClassAliS.setup(BaseClassAliS.java:44)
at java.util.ArrayList.forEach(ArrayList.java:1259)
... Removed 35 stack frames]]>
    </failure>
  </testcase> <!-- @BeforeClass setup -->
  <testcase name="@AfterMethod tearDownMethod" time="-1.653472544864E9" classname="com.AliS.Pages.BaseClassAliS">
    <skipped/>
  </testcase> <!-- @AfterMethod tearDownMethod -->
  <testcase name="@AfterClass TearDown" time="-1.653472544864E9" classname="com.AliS.Pages.BaseClassAliS">
    <skipped/>
  </testcase> <!-- @AfterClass TearDown -->
  <testcase name="@BeforeClass setup" time="0.001" classname="com.AliS.Pages.BaseClassAliS">
    <failure type="java.lang.NullPointerException">
      <![CDATA[java.lang.NullPointerException
at com.AliS.Pages.BaseClassAliS.setup(BaseClassAliS.java:44)
at java.util.ArrayList.forEach(ArrayList.java:1259)
... Removed 35 stack frames]]>
    </failure>
  </testcase> <!-- @BeforeClass setup -->
  <testcase name="@AfterMethod tearDownMethod" time="-1.653472544866E9" classname="com.AliS.Pages.BaseClassAliS">
    <skipped/>
  </testcase> <!-- @AfterMethod tearDownMethod -->
  <testcase name="@AfterClass TearDown" time="-1.653472544866E9" classname="com.AliS.Pages.BaseClassAliS">
    <skipped/>
  </testcase> <!-- @AfterClass TearDown -->
  <testcase name="@BeforeClass setup" time="0.0" classname="com.AliS.Pages.BaseClassAliS">
    <failure type="java.lang.NullPointerException">
      <![CDATA[java.lang.NullPointerException
at com.AliS.Pages.BaseClassAliS.setup(BaseClassAliS.java:44)
at java.util.ArrayList.forEach(ArrayList.java:1259)
... Removed 35 stack frames]]>
    </failure>
  </testcase> <!-- @BeforeClass setup -->
  <testcase name="@AfterMethod tearDownMethod" time="-1.653472544869E9" classname="com.AliS.Pages.BaseClassAliS">
    <skipped/>
  </testcase> <!-- @AfterMethod tearDownMethod -->
  <testcase name="@AfterClass TearDown" time="-1.653472544869E9" classname="com.AliS.Pages.BaseClassAliS">
    <skipped/>
  </testcase> <!-- @AfterClass TearDown -->
  <testcase name="@BeforeClass setup" time="0.0" classname="com.AliS.Pages.BaseClassAliS">
    <failure type="java.lang.NullPointerException">
      <![CDATA[java.lang.NullPointerException
at com.AliS.Pages.BaseClassAliS.setup(BaseClassAliS.java:44)
at java.util.ArrayList.forEach(ArrayList.java:1259)
... Removed 35 stack frames]]>
    </failure>
  </testcase> <!-- @BeforeClass setup -->
  <testcase name="@AfterMethod tearDownMethod" time="-1.653472544872E9" classname="com.AliS.Pages.BaseClassAliS">
    <skipped/>
  </testcase> <!-- @AfterMethod tearDownMethod -->
  <testcase name="@AfterClass TearDown" time="-1.653472544873E9" classname="com.AliS.Pages.BaseClassAliS">
    <skipped/>
  </testcase> <!-- @AfterClass TearDown -->
  <testcase name="@BeforeClass setup" time="0.001" classname="com.AliS.Pages.BaseClassAliS">
    <failure type="java.lang.NullPointerException">
      <![CDATA[java.lang.NullPointerException
at com.AliS.Pages.BaseClassAliS.setup(BaseClassAliS.java:44)
at java.util.ArrayList.forEach(ArrayList.java:1259)
... Removed 35 stack frames]]>
    </failure>
  </testcase> <!-- @BeforeClass setup -->
  <testcase name="@AfterMethod tearDownMethod" time="-1.65347254488E9" classname="com.AliS.Pages.BaseClassAliS">
    <skipped/>
  </testcase> <!-- @AfterMethod tearDownMethod -->
  <testcase name="@AfterMethod tearDownMethod" time="-1.653472544884E9" classname="com.AliS.Pages.BaseClassAliS">
    <skipped/>
  </testcase> <!-- @AfterMethod tearDownMethod -->
  <testcase name="@AfterMethod tearDownMethod" time="-1.653472544886E9" classname="com.AliS.Pages.BaseClassAliS">
    <skipped/>
  </testcase> <!-- @AfterMethod tearDownMethod -->
  <testcase name="@AfterMethod tearDownMethod" time="-1.65347254489E9" classname="com.AliS.Pages.BaseClassAliS">
    <skipped/>
  </testcase> <!-- @AfterMethod tearDownMethod -->
  <testcase name="@AfterClass TearDown" time="-1.653472544891E9" classname="com.AliS.Pages.BaseClassAliS">
    <skipped/>
  </testcase> <!-- @AfterClass TearDown -->
  <testcase name="@BeforeClass setup" time="0.0" classname="com.AliS.Pages.BaseClassAliS">
    <failure type="java.lang.NullPointerException">
      <![CDATA[java.lang.NullPointerException
at com.AliS.Pages.BaseClassAliS.setup(BaseClassAliS.java:44)
at java.util.ArrayList.forEach(ArrayList.java:1259)
... Removed 35 stack frames]]>
    </failure>
  </testcase> <!-- @BeforeClass setup -->
  <testcase name="@AfterMethod tearDownMethod" time="-1.653472544894E9" classname="com.AliS.Pages.BaseClassAliS">
    <skipped/>
  </testcase> <!-- @AfterMethod tearDownMethod -->
  <testcase name="@AfterClass TearDown" time="-1.653472544896E9" classname="com.AliS.Pages.BaseClassAliS">
    <skipped/>
  </testcase> <!-- @AfterClass TearDown -->
  <testcase name="@BeforeClass setup" time="0.001" classname="com.AliS.Pages.BaseClassAliS">
    <failure type="java.lang.NullPointerException">
      <![CDATA[java.lang.NullPointerException
at com.AliS.Pages.BaseClassAliS.setup(BaseClassAliS.java:44)
at java.util.ArrayList.forEach(ArrayList.java:1259)
... Removed 35 stack frames]]>
    </failure>
  </testcase> <!-- @BeforeClass setup -->
  <testcase name="@AfterMethod tearDownMethod" time="-1.653472544903E9" classname="com.AliS.Pages.BaseClassAliS">
    <skipped/>
  </testcase> <!-- @AfterMethod tearDownMethod -->
  <testcase name="@AfterClass TearDown" time="-1.653472544906E9" classname="com.AliS.Pages.BaseClassAliS">
    <skipped/>
  </testcase> <!-- @AfterClass TearDown -->
  <testcase name="Address_Information_Tab_Test" time="56.458" classname="com.AliS.TestCases.Address_Information_Test">
    <failure type="org.openqa.selenium.ElementClickInterceptedException" message="element click intercepted: Element &amp;lt;button _ngcontent-ng-cli-universal-c7=&amp;quot;&amp;quot; class=&amp;quot;buttonsnext button-next ml-2 pull-right&amp;quot; type=&amp;quot;submit&amp;quot;&amp;gt;...&amp;lt;/button&amp;gt; is not clickable at point (1220, 379). Other element would receive the click: &amp;lt;div _ngcontent-ng-cli-universal-c25=&amp;quot;&amp;quot; id=&amp;quot;overlay&amp;quot; class=&amp;quot;ng-star-inserted&amp;quot;&amp;gt;...&amp;lt;/div&amp;gt;
  (Session info: chrome=101.0.4951.67)
Build info: version: &amp;apos;3.141.59&amp;apos;, revision: &amp;apos;e82be7d358&amp;apos;, time: &amp;apos;2018-11-14T08:17:03&amp;apos;
System info: host: &amp;apos;AITHGGN1347&amp;apos;, ip: &amp;apos;172.16.2.140&amp;apos;, os.name: &amp;apos;Windows 10&amp;apos;, os.arch: &amp;apos;amd64&amp;apos;, os.version: &amp;apos;10.0&amp;apos;, java.version: &amp;apos;1.8.0_311&amp;apos;
Driver info: org.openqa.selenium.chrome.ChromeDriver
Capabilities {acceptInsecureCerts: false, browserName: chrome, browserVersion: 101.0.4951.67, chrome: {chromedriverVersion: 100.0.4896.60 (6a5d10861ce8..., userDataDir: C:\Users\ABHARD~1\AppData\L...}, goog:chromeOptions: {debuggerAddress: localhost:51497}, javascriptEnabled: true, networkConnectionEnabled: false, pageLoadStrategy: normal, platform: WINDOWS, platformName: WINDOWS, proxy: Proxy(), setWindowRect: true, strictFileInteractability: false, timeouts: {implicit: 0, pageLoad: 300000, script: 30000}, unhandledPromptBehavior: dismiss and notify, webauthn:extension:credBlob: true, webauthn:extension:largeBlob: true, webauthn:virtualAuthenticators: true}
Session ID: b6561704ba033711712b51fe99274d47">
      <![CDATA[org.openqa.selenium.ElementClickInterceptedException: element click intercepted: Element <button _ngcontent-ng-cli-universal-c7="" class="buttonsnext button-next ml-2 pull-right" type="submit">...</button> is not clickable at point (1220, 379). Other element would receive the click: <div _ngcontent-ng-cli-universal-c25="" id="overlay" class="ng-star-inserted">...</div>
  (Session info: chrome=101.0.4951.67)
Build info: version: '3.141.59', revision: 'e82be7d358', time: '2018-11-14T08:17:03'
System info: host: 'AITHGGN1347', ip: '172.16.2.140', os.name: 'Windows 10', os.arch: 'amd64', os.version: '10.0', java.version: '1.8.0_311'
Driver info: org.openqa.selenium.chrome.ChromeDriver
Capabilities {acceptInsecureCerts: false, browserName: chrome, browserVersion: 101.0.4951.67, chrome: {chromedriverVersion: 100.0.4896.60 (6a5d10861ce8..., userDataDir: C:\Users\ABHARD~1\AppData\L...}, goog:chromeOptions: {debuggerAddress: localhost:51497}, javascriptEnabled: true, networkConnectionEnabled: false, pageLoadStrategy: normal, platform: WINDOWS, platformName: WINDOWS, proxy: Proxy(), setWindowRect: true, strictFileInteractability: false, timeouts: {implicit: 0, pageLoad: 300000, script: 30000}, unhandledPromptBehavior: dismiss and notify, webauthn:extension:credBlob: true, webauthn:extension:largeBlob: true, webauthn:virtualAuthenticators: true}
Session ID: b6561704ba033711712b51fe99274d47
at org.openqa.selenium.remote.http.W3CHttpResponseCodec.createException(W3CHttpResponseCodec.java:187)
at org.openqa.selenium.remote.http.W3CHttpResponseCodec.decode(W3CHttpResponseCodec.java:122)
at org.openqa.selenium.remote.http.W3CHttpResponseCodec.decode(W3CHttpResponseCodec.java:49)
at org.openqa.selenium.remote.HttpCommandExecutor.execute(HttpCommandExecutor.java:158)
at org.openqa.selenium.remote.service.DriverCommandExecutor.execute(DriverCommandExecutor.java:83)
at org.openqa.selenium.remote.RemoteWebDriver.execute(RemoteWebDriver.java:552)
at org.openqa.selenium.remote.RemoteWebElement.execute(RemoteWebElement.java:285)
at org.openqa.selenium.remote.RemoteWebElement.click(RemoteWebElement.java:84)
at com.AliS.Pages.Individual_Information_Tab.NextButton(Individual_Information_Tab.java:150)
at com.AliS.TestCases.Address_Information_Test.Address_Information_Tab_Test(Address_Information_Test.java:28)
at java.util.ArrayList.forEach(ArrayList.java:1259)
... Removed 41 stack frames]]>
    </failure>
  </testcase> <!-- Address_Information_Tab_Test -->
  <testcase name="Attestaion_Tab_Test" time="0.0" classname="com.AliS.TestCases.Attestation_Test">
    <skipped/>
  </testcase> <!-- Attestaion_Tab_Test -->
  <testcase name="Child_Support_Tab_Test" time="0.0" classname="com.AliS.TestCases.Child_Support_Test">
    <skipped/>
  </testcase> <!-- Child_Support_Tab_Test -->
  <testcase name="CredentialInformationTab_Test" time="0.0" classname="com.AliS.TestCases.Credential_Information_Test">
    <skipped/>
  </testcase> <!-- CredentialInformationTab_Test -->
  <testcase name="FeeDetail_PaymentGateway_Tab_Test" time="0.0" classname="com.AliS.TestCases.FeeDetail_PaymentGateway_Test">
    <skipped/>
  </testcase> <!-- FeeDetail_PaymentGateway_Tab_Test -->
  <testcase name="Individual_Information_Tab_TestCase1" time="0.0" classname="com.AliS.TestCases.Individual_Information_Test">
    <skipped/>
  </testcase> <!-- Individual_Information_Tab_TestCase1 -->
  <testcase name="Individual_Information_Tab_TestCase2" time="0.0" classname="com.AliS.TestCases.Individual_Information_Test">
    <skipped/>
  </testcase> <!-- Individual_Information_Tab_TestCase2 -->
  <testcase name="Individual_Information_Tab_TestCase3" time="0.0" classname="com.AliS.TestCases.Individual_Information_Test">
    <skipped/>
  </testcase> <!-- Individual_Information_Tab_TestCase3 -->
  <testcase name="Individual_Information_Tab_TestCase4" time="0.0" classname="com.AliS.TestCases.Individual_Information_Test">
    <skipped/>
  </testcase> <!-- Individual_Information_Tab_TestCase4 -->
  <testcase name="LoginAliS" time="0.0" classname="com.AliS.TestCases.LoginTest">
    <skipped/>
  </testcase> <!-- LoginAliS -->
  <testcase name="Question_Tab_Test" time="0.0" classname="com.AliS.TestCases.Question_Test">
    <skipped/>
  </testcase> <!-- Question_Tab_Test -->
  <testcase name="@BeforeSuite setupSuite" time="0.0" classname="com.AliS.Pages.BaseClassAliS">
    <ignored/>
  </testcase> <!-- @BeforeSuite setupSuite -->
  <testcase name="@BeforeSuite setupSuite" time="0.0" classname="com.AliS.Pages.BaseClassAliS">
    <ignored/>
  </testcase> <!-- @BeforeSuite setupSuite -->
  <testcase name="@BeforeSuite setupSuite" time="0.0" classname="com.AliS.Pages.BaseClassAliS">
    <ignored/>
  </testcase> <!-- @BeforeSuite setupSuite -->
  <testcase name="@BeforeSuite setupSuite" time="0.0" classname="com.AliS.Pages.BaseClassAliS">
    <ignored/>
  </testcase> <!-- @BeforeSuite setupSuite -->
  <testcase name="@BeforeSuite setupSuite" time="0.0" classname="com.AliS.Pages.BaseClassAliS">
    <ignored/>
  </testcase> <!-- @BeforeSuite setupSuite -->
  <testcase name="@BeforeSuite setupSuite" time="0.0" classname="com.AliS.Pages.BaseClassAliS">
    <ignored/>
  </testcase> <!-- @BeforeSuite setupSuite -->
  <testcase name="@BeforeSuite setupSuite" time="0.0" classname="com.AliS.Pages.BaseClassAliS">
    <ignored/>
  </testcase> <!-- @BeforeSuite setupSuite -->
</testsuite> <!-- Command line test -->
