<?xml version="1.0" encoding="UTF-8"?>
<!-- Generated by org.testng.reporters.JUnitXMLReporter -->
<testsuite hostname="AithGGN1347" ignored="0" name="TestOnEdge" tests="1" failures="1" timestamp="2022-06-29T16:59:16 IST" time="86.731" errors="0">
  <testcase name="SmokeTestCaseScenario1" time="64.333" classname="com.AliS.SmokeTestCases.SmokeTestCase1">
    <failure type="org.openqa.selenium.TimeoutException" message="Expected condition failed: waiting for element to be clickable: By.xpath: //body/div[1]/div[2]/div[1]/mat-dialog-container[1]/app-document-upload[1]/form[1]/cc-document-upload[1]/div[1]/div[3]/div[1]/div[1]/div[1]/div[1]/strong[1]/a[1]&amp;quot; (tried for 30 second(s) with 500 milliseconds interval)">
      <![CDATA[org.openqa.selenium.TimeoutException: Expected condition failed: waiting for element to be clickable: By.xpath: //body/div[1]/div[2]/div[1]/mat-dialog-container[1]/app-document-upload[1]/form[1]/cc-document-upload[1]/div[1]/div[3]/div[1]/div[1]/div[1]/div[1]/strong[1]/a[1]" (tried for 30 second(s) with 500 milliseconds interval)
at org.openqa.selenium.support.ui.WebDriverWait.timeoutException(WebDriverWait.java:95)
at org.openqa.selenium.support.ui.FluentWait.until(FluentWait.java:272)
at com.AliS.Pages.Individual_Information_Tab.AdditionalCardInformationsection(Individual_Information_Tab.java:115)
at com.AliS.SmokeTestCases.SmokeTestCase1.SmokeTestCaseScenario1(SmokeTestCase1.java:23)
at java.util.ArrayList.forEach(ArrayList.java:1259)
at java.util.concurrent.FutureTask.run(FutureTask.java:266)
at java.util.concurrent.ThreadPoolExecutor.runWorker(ThreadPoolExecutor.java:1149)
at java.util.concurrent.ThreadPoolExecutor$Worker.run(ThreadPoolExecutor.java:624)
at java.lang.Thread.run(Thread.java:748)
Caused by: org.openqa.selenium.InvalidSelectorException: invalid selector: Unable to locate an element with the xpath expression //body/div[1]/div[2]/div[1]/mat-dialog-container[1]/app-document-upload[1]/form[1]/cc-document-upload[1]/div[1]/div[3]/div[1]/div[1]/div[1]/div[1]/strong[1]/a[1]" because of the following error:
SyntaxError: Failed to execute 'evaluate' on 'Document': The string '//body/div[1]/div[2]/div[1]/mat-dialog-container[1]/app-document-upload[1]/form[1]/cc-document-upload[1]/div[1]/div[3]/div[1]/div[1]/div[1]/div[1]/strong[1]/a[1]"' is not a valid XPath expression.
  (Session info: chrome=103.0.5060.66)
For documentation on this error, please visit: https://www.seleniumhq.org/exceptions/invalid_selector_exception.html
Build info: version: '3.141.59', revision: 'e82be7d358', time: '2018-11-14T08:17:03'
System info: host: 'AITHGGN1347', ip: '10.81.234.28', os.name: 'Windows 10', os.arch: 'amd64', os.version: '10.0', java.version: '1.8.0_311'
Driver info: org.openqa.selenium.chrome.ChromeDriver
Capabilities {acceptInsecureCerts: false, browserName: chrome, browserVersion: 103.0.5060.66, chrome: {chromedriverVersion: 102.0.5005.61 (0e59bcc00cc4..., userDataDir: C:\Users\ABHARD~1\AppData\L...}, goog:chromeOptions: {debuggerAddress: localhost:63781}, javascriptEnabled: true, networkConnectionEnabled: false, pageLoadStrategy: normal, platform: WINDOWS, platformName: WINDOWS, proxy: Proxy(), setWindowRect: true, strictFileInteractability: false, timeouts: {implicit: 0, pageLoad: 300000, script: 30000}, unhandledPromptBehavior: dismiss and notify, webauthn:extension:credBlob: true, webauthn:extension:largeBlob: true, webauthn:virtualAuthenticators: true}
Session ID: cc9db78dd5c2408a3e3dcfb852cf9a45
*** Element info: {Using=xpath, value=//body/div[1]/div[2]/div[1]/mat-dialog-container[1]/app-document-upload[1]/form[1]/cc-document-upload[1]/div[1]/div[3]/div[1]/div[1]/div[1]/div[1]/strong[1]/a[1]"}
at org.openqa.selenium.remote.http.W3CHttpResponseCodec.createException(W3CHttpResponseCodec.java:187)
at org.openqa.selenium.remote.http.W3CHttpResponseCodec.decode(W3CHttpResponseCodec.java:122)
at org.openqa.selenium.remote.http.W3CHttpResponseCodec.decode(W3CHttpResponseCodec.java:49)
at org.openqa.selenium.remote.HttpCommandExecutor.execute(HttpCommandExecutor.java:158)
at org.openqa.selenium.remote.service.DriverCommandExecutor.execute(DriverCommandExecutor.java:83)
at org.openqa.selenium.remote.RemoteWebDriver.execute(RemoteWebDriver.java:552)
at org.openqa.selenium.remote.RemoteWebDriver.findElement(RemoteWebDriver.java:323)
at org.openqa.selenium.remote.RemoteWebDriver.findElementByXPath(RemoteWebDriver.java:428)
at org.openqa.selenium.By$ByXPath.findElement(By.java:353)
at org.openqa.selenium.remote.RemoteWebDriver.findElement(RemoteWebDriver.java:315)
at org.openqa.selenium.support.ui.ExpectedConditions$7.apply(ExpectedConditions.java:205)
at org.openqa.selenium.support.ui.ExpectedConditions$7.apply(ExpectedConditions.java:201)
at org.openqa.selenium.support.ui.ExpectedConditions$22.apply(ExpectedConditions.java:641)
at org.openqa.selenium.support.ui.ExpectedConditions$22.apply(ExpectedConditions.java:638)
at org.openqa.selenium.support.ui.FluentWait.until(FluentWait.java:249)
... 25 more
... Removed 21 stack frames]]>
    </failure>
  </testcase> <!-- SmokeTestCaseScenario1 -->
</testsuite> <!-- TestOnEdge -->
